[0.072s] Invoking command in '/home/diablo/diablo_torqueHDRL/build/jointctrlsdk': CMAKE_PREFIX_PATH=${CMAKE_PREFIX_PATH}:/home/diablo/diablo_ws/install/diablo_teleop:/opt/ros/foxy /usr/bin/cmake --build /home/diablo/diablo_torqueHDRL/build/jointctrlsdk -- -j4 -l4
[0.412s] [ 66%] Built target jointctrlsdk_core
[0.479s] [35m[1mScanning dependencies of target diablo_torquesubscriber[0m
[0.642s] [ 83%] [32mBuilding CXX object CMakeFiles/diablo_torquesubscriber.dir/src/diablo_torque.cpp.o[0m
[6.509s] [01m[K/home/diablo/diablo_torqueHDRL/src/jointctrlsdk/src/diablo_torque.cpp:42:11:[m[K [01;31m[Kerror: [m[Kexpected unqualified-id before â€˜[01m[Kelse[m[Kâ€™
[6.510s]    42 |         } [01;31m[Kelse[m[K {
[6.511s]       |           [01;31m[K^~~~[m[K
[6.521s] [01m[K/home/diablo/diablo_torqueHDRL/src/jointctrlsdk/src/diablo_torque.cpp:[m[K In constructor â€˜[01m[KTorqueSubscriber::TorqueSubscriber()[m[Kâ€™:
[6.522s] [01m[K/home/diablo/diablo_torqueHDRL/src/jointctrlsdk/src/diablo_torque.cpp:16:9:[m[K [01;31m[Kerror: [m[Kâ€˜[01m[Ksubscription_[m[Kâ€™ was not declared in this scope; did you mean â€˜[01m[Krcl_subscription_t[m[Kâ€™?
[6.522s]    16 |         [01;31m[Ksubscription_[m[K = this->create_subscription<std_msgs::msg::Float32MultiArray>(
[6.523s]       |         [01;31m[K^~~~~~~~~~~~~[m[K
[6.523s]       |         [32m[Krcl_subscription_t[m[K
[6.607s] [01m[K/home/diablo/diablo_torqueHDRL/src/jointctrlsdk/src/diablo_torque.cpp:[m[K In member function â€˜[01m[Kconst std::array<float, 6>& TorqueSubscriber::getTorqueValues() const[m[Kâ€™:
[6.608s] [01m[K/home/diablo/diablo_torqueHDRL/src/jointctrlsdk/src/diablo_torque.cpp:22:16:[m[K [01;31m[Kerror: [m[Kâ€˜[01m[Ktorque_values_[m[Kâ€™ was not declared in this scope
[6.608s]    22 |         return [01;31m[Ktorque_values_[m[K;
[6.609s]       |                [01;31m[K^~~~~~~~~~~~~~[m[K
[6.632s] [01m[K/home/diablo/diablo_torqueHDRL/src/jointctrlsdk/src/diablo_torque.cpp:[m[K In member function â€˜[01m[Kvoid TorqueSubscriber::torque_callback(std_msgs::msg::Float32MultiArray_<std::allocator<void> >::SharedPtr)[m[Kâ€™:
[6.633s] [01m[K/home/diablo/diablo_torqueHDRL/src/jointctrlsdk/src/diablo_torque.cpp:36:17:[m[K [01;31m[Kerror: [m[Kâ€˜[01m[Ktorque_values_[m[Kâ€™ was not declared in this scope
[6.634s]    36 |                 [01;31m[Ktorque_values_[m[K[i] = msg->data[i];
[6.634s]       |                 [01;31m[K^~~~~~~~~~~~~~[m[K
[6.634s] [01m[K/home/diablo/diablo_torqueHDRL/src/jointctrlsdk/src/diablo_torque.cpp:[m[K At global scope:
[6.635s] [01m[K/home/diablo/diablo_torqueHDRL/src/jointctrlsdk/src/diablo_torque.cpp:48:26:[m[K [01;31m[Kerror: [m[Kinvalid declarator before â€˜[01m[Ktorque_values_[m[Kâ€™
[6.635s]    48 |     std::array<float, 6> [01;31m[Ktorque_values_[m[K;
[6.636s]       |                          [01;31m[K^~~~~~~~~~~~~~[m[K
[6.660s] [01m[K/home/diablo/diablo_torqueHDRL/src/jointctrlsdk/src/diablo_torque.cpp:50:1:[m[K [01;31m[Kerror: [m[Kexpected declaration before â€˜[01m[K}[m[Kâ€™ token
[6.661s]    50 | [01;31m[K}[m[K;
[6.661s]       | [01;31m[K^[m[K
[12.115s] make[2]: *** [CMakeFiles/diablo_torquesubscriber.dir/build.make:63: CMakeFiles/diablo_torquesubscriber.dir/src/diablo_torque.cpp.o] Error 1
[12.116s] make[1]: *** [CMakeFiles/Makefile2:80: CMakeFiles/diablo_torquesubscriber.dir/all] Error 2
[12.117s] make: *** [Makefile:141: all] Error 2
[12.123s] Invoked command in '/home/diablo/diablo_torqueHDRL/build/jointctrlsdk' returned '2': CMAKE_PREFIX_PATH=${CMAKE_PREFIX_PATH}:/home/diablo/diablo_ws/install/diablo_teleop:/opt/ros/foxy /usr/bin/cmake --build /home/diablo/diablo_torqueHDRL/build/jointctrlsdk -- -j4 -l4
