[ 66%] Built target jointctrlsdk_core
[35m[1mScanning dependencies of target diablo_torquesubscriber[0m
[ 83%] [32mBuilding CXX object CMakeFiles/diablo_torquesubscriber.dir/src/diablo_torque.cpp.o[0m
[01m[K/home/diablo/diablo_torqueHDRL/src/jointctrlsdk/src/diablo_torque.cpp:[m[K In function â€˜[01m[Kint main(int, char**)[m[Kâ€™:
[01m[K/home/diablo/diablo_torqueHDRL/src/jointctrlsdk/src/diablo_torque.cpp:66:14:[m[K [01;31m[Kerror: [m[Kâ€˜[01m[Ki[m[Kâ€™ was not declared in this scope
   66 |         for ([01;31m[Ki[m[K = 0; i < 6; ++i) {
      |              [01;31m[K^[m[K
[01m[K/home/diablo/diablo_torqueHDRL/src/jointctrlsdk/src/diablo_torque.cpp:67:33:[m[K [01;31m[Kerror: [m[Kâ€˜[01m[Ktorque_Values[m[Kâ€™ was not declared in this scope; did you mean â€˜[01m[Ktorque_values[m[Kâ€™?
   67 |             torque_values2[i] = [01;31m[Ktorque_Values[m[K[i];
      |                                 [01;31m[K^~~~~~~~~~~~~[m[K
      |                                 [32m[Ktorque_values[m[K
make[2]: *** [CMakeFiles/diablo_torquesubscriber.dir/build.make:63: CMakeFiles/diablo_torquesubscriber.dir/src/diablo_torque.cpp.o] Error 1
make[1]: *** [CMakeFiles/Makefile2:80: CMakeFiles/diablo_torquesubscriber.dir/all] Error 2
make: *** [Makefile:141: all] Error 2
