[ 66%] Built target jointctrlsdk_core
[35m[1mScanning dependencies of target diablo_torquesubscriber[0m
[ 83%] [32mBuilding CXX object CMakeFiles/diablo_torquesubscriber.dir/src/diablo_torque.cpp.o[0m
[01m[K/home/diablo/diablo_torqueHDRL/src/jointctrlsdk/src/diablo_torque.cpp:[m[K In member function â€˜[01m[Kvoid TorqueSubscriber::torque_callback(std_msgs::msg::Float32MultiArray_<std::allocator<void> >::SharedPtr)[m[Kâ€™:
[01m[K/home/diablo/diablo_torqueHDRL/src/jointctrlsdk/src/diablo_torque.cpp:34:13:[m[K [01;31m[Kerror: [m[Kâ€˜[01m[KRCLPP_WARN[m[Kâ€™ was not declared in this scope; did you mean â€˜[01m[KRCLCPP_WARN[m[Kâ€™?
   34 |             [01;31m[KRCLPP_WARN[m[K(get_logger(), "Received Empty Message");
      |             [01;31m[K^~~~~~~~~~[m[K
      |             [32m[KRCLCPP_WARN[m[K
[01m[K/home/diablo/diablo_torqueHDRL/src/jointctrlsdk/src/diablo_torque.cpp:[m[K In function â€˜[01m[Kint main(int, char**)[m[Kâ€™:
[01m[K/home/diablo/diablo_torqueHDRL/src/jointctrlsdk/src/diablo_torque.cpp:75:9:[m[K [01;31m[Kerror: [m[Kexpected â€˜[01m[K,[m[Kâ€™ or â€˜[01m[K;[m[Kâ€™ before â€˜[01m[Kconst[m[Kâ€™
   75 |         [01;31m[Kconst[m[K auto& torque_values = node->getTorqueValues();
      |         [01;31m[K^~~~~[m[K
[01m[K/home/diablo/diablo_torqueHDRL/src/jointctrlsdk/src/diablo_torque.cpp:82:33:[m[K [01;31m[Kerror: [m[Kâ€˜[01m[Ktorque_values[m[Kâ€™ was not declared in this scope; did you mean â€˜[01m[Ktorque_values2[m[Kâ€™?
   82 |             torque_values2[i] = [01;31m[Ktorque_values[m[K[i];
      |                                 [01;31m[K^~~~~~~~~~~~~[m[K
      |                                 [32m[Ktorque_values2[m[K
[01m[K/home/diablo/diablo_torqueHDRL/src/jointctrlsdk/src/diablo_torque.cpp:73:14:[m[K [01;35m[Kwarning: [m[Kunused variable â€˜[01m[Knode[m[Kâ€™ [[01;35m[K-Wunused-variable[m[K]
   73 |         auto [01;35m[Knode[m[K = std::make_shared<TorqueSubscriber>
      |              [01;35m[K^~~~[m[K
make[2]: *** [CMakeFiles/diablo_torquesubscriber.dir/build.make:63: CMakeFiles/diablo_torquesubscriber.dir/src/diablo_torque.cpp.o] Error 1
make[1]: *** [CMakeFiles/Makefile2:80: CMakeFiles/diablo_torquesubscriber.dir/all] Error 2
make: *** [Makefile:141: all] Error 2
