[01m[K/home/diablo/diablo_torqueHDRL/src/jointctrlsdk/src/diablo_torque.cpp:[m[K In function â€˜[01m[Kint main(int, char**)[m[Kâ€™:
[01m[K/home/diablo/diablo_torqueHDRL/src/jointctrlsdk/src/diablo_torque.cpp:52:13:[m[K [01;31m[Kerror: [m[Kâ€˜[01m[Ktorque_values2[m[Kâ€™ was not declared in this scope
   52 |             [01;31m[Ktorque_values2[m[K[i] = torque_values[i];
      |             [01;31m[K^~~~~~~~~~~~~~[m[K
[01m[K/home/diablo/diablo_torqueHDRL/src/jointctrlsdk/src/diablo_torque.cpp:52:33:[m[K [01;31m[Kerror: [m[Kâ€˜[01m[Ktorque_values[m[Kâ€™ was not declared in this scope
   52 |             torque_values2[i] = [01;31m[Ktorque_values[m[K[i];
      |                                 [01;31m[K^~~~~~~~~~~~~[m[K
[01m[K/home/diablo/diablo_torqueHDRL/src/jointctrlsdk/src/diablo_torque.cpp:67:31:[m[K [01;31m[Kerror: [m[Kâ€˜[01m[Ktorque_values2[m[Kâ€™ was not declared in this scope
   67 |         handle.create_package([01;31m[Ktorque_values2[m[K, send_struct);
      |                               [01;31m[K^~~~~~~~~~~~~~[m[K
make[2]: *** [CMakeFiles/diablo_torquesubscriber.dir/build.make:63: CMakeFiles/diablo_torquesubscriber.dir/src/diablo_torque.cpp.o] Error 1
make[1]: *** [CMakeFiles/Makefile2:80: CMakeFiles/diablo_torquesubscriber.dir/all] Error 2
make: *** [Makefile:141: all] Error 2
