[ 50%] Built target jointctrlsdk_core
[ 75%] Built target torque_msg_subscribe
[35m[1mScanning dependencies of target diablo_torquesubscriber[0m
[ 87%] [32mBuilding CXX object CMakeFiles/diablo_torquesubscriber.dir/src/diablo_torque.cpp.o[0m
[01m[K/home/diablo/diablo_torqueHDRL/src/jointctrlsdk/src/diablo_torque.cpp:[m[K In function â€˜[01m[Kint main(int, char**)[m[Kâ€™:
[01m[K/home/diablo/diablo_torqueHDRL/src/jointctrlsdk/src/diablo_torque.cpp:75:15:[m[K [01;31m[Kerror: [m[Kâ€˜[01m[Ktorque_values[m[Kâ€™ does not name a type; did you mean â€˜[01m[Ktorque_values2[m[Kâ€™?
   75 |         const [01;31m[Ktorque_values[m[K = node->getTorqueValues();
      |               [01;31m[K^~~~~~~~~~~~~[m[K
      |               [32m[Ktorque_values2[m[K
[01m[K/home/diablo/diablo_torqueHDRL/src/jointctrlsdk/src/diablo_torque.cpp:78:33:[m[K [01;31m[Kerror: [m[Kâ€˜[01m[Ktorque_values[m[Kâ€™ was not declared in this scope; did you mean â€˜[01m[Ktorque_values2[m[Kâ€™?
   78 |             torque_values2[i] = [01;31m[Ktorque_values[m[K[i];
      |                                 [01;31m[K^~~~~~~~~~~~~[m[K
      |                                 [32m[Ktorque_values2[m[K
make[2]: *** [CMakeFiles/diablo_torquesubscriber.dir/build.make:63: CMakeFiles/diablo_torquesubscriber.dir/src/diablo_torque.cpp.o] Error 1
make[1]: *** [CMakeFiles/Makefile2:82: CMakeFiles/diablo_torquesubscriber.dir/all] Error 2
make: *** [Makefile:141: all] Error 2
